2026-04-11 21:04:38,167-ERROR-Error while doing imputation
2026-04-11 21:08:28,836-ERROR-Error while doing imputation
2026-04-11 21:08:55,835-ERROR-Error while doing imputation
2026-04-11 21:11:00,137-ERROR-Error while doing imputation
2026-04-11 21:12:15,813-ERROR-Error while doing imputation
2026-04-11 21:30:33,699-ERROR-Error while doing imputation
2026-04-11 21:31:00,357-ERROR-Error while doing imputation
2026-04-11 21:31:38,662-ERROR-Error while doing imputation
2026-04-11 21:33:29,336-ERROR-Error while doing imputation
2026-04-11 21:38:15,645-ERROR-Error while doing imputation
2026-04-11 21:42:03,080-ERROR-Error while doing imputation
2026-04-11 21:49:11,029-ERROR-Error while doing imputation
2026-04-11 21:53:55,390-ERROR-Error while doing imputation
2026-04-11 21:55:45,786-ERROR-Error while doing imputation
2026-04-11 22:00:41,683-ERROR-Error while doing imputation:Cannot perform reduction 'mean' with string dtype
2026-04-11 22:08:01,649-ERROR-Error while doing imputation:Cannot perform reduction 'mean' with string dtype
2026-04-11 22:11:21,046-INFO-Imputed data is saved at C:\hotel_booking\Data\Prep_Data\basic_prep
2026-04-11 22:16:24,821-INFO-Data is encoded and saved at C:\hotel_booking\Data\Prep_Data\basic_prep
2026-04-11 22:20:19,938-INFO-Data is scaled and saved at C:\hotel_booking\Data\Prep_Data\basic_prep
2026-04-11 22:23:09,821-INFO-Imputed data is saved at C:\hotel_booking\Data\Prep_Data\basic_prep\imputing
2026-04-11 22:23:28,470-INFO-Data is encoded and saved at C:\hotel_booking\Data\Prep_Data\basic_prep\encoding
2026-04-11 22:23:43,545-INFO-Data is scaled and saved at C:\hotel_booking\Data\Prep_Data\basic_prep\scaling
