2026-04-11 23:38:49,995-INFO-Pipeline for categorical and numerical features is built
2026-04-11 23:38:55,501-INFO-Model is trained with Random_Forest
2026-04-11 23:38:55,659-INFO-Prediction is done with Random_Forest
2026-04-11 23:38:55,671-ERROR-Error while saving results: 'module' object is not callable. Did you mean: 'tabulate.tabulate(...)'?
2026-04-11 23:39:59,831-INFO-Pipeline for categorical and numerical features is built
2026-04-11 23:40:04,773-INFO-Model is trained with Random_Forest
2026-04-11 23:40:04,880-INFO-Prediction is done with Random_Forest
2026-04-11 23:40:04,891-INFO-Results are saved at Random_Forest
2026-04-11 23:40:04,916-INFO-Random_Forest is saved at C:\hotel_booking\Models\Baseline
2026-04-11 23:40:04,918-INFO-Pipeline for categorical and numerical features is built
2026-04-11 23:40:05,461-INFO-Model is trained with XGBoost
2026-04-11 23:40:05,485-INFO-Prediction is done with XGBoost
2026-04-11 23:40:05,500-INFO-Results are saved at XGBoost
2026-04-11 23:40:05,504-INFO-XGBoost is saved at C:\hotel_booking\Models\Baseline
2026-04-11 23:40:05,505-INFO-Pipeline for categorical and numerical features is built
2026-04-11 23:40:18,565-INFO-Model is trained with Hard_voting
2026-04-11 23:40:18,976-INFO-Prediction is done with Hard_voting
2026-04-11 23:40:18,989-INFO-Results are saved at Hard_voting
2026-04-11 23:40:18,994-INFO-Hard_voting is saved at C:\hotel_booking\Models\Baseline
2026-04-11 23:40:18,995-INFO-Pipeline for categorical and numerical features is built
2026-04-11 23:40:35,581-INFO-Model is trained with Soft_voting
2026-04-11 23:40:36,001-INFO-Prediction is done with Soft_voting
2026-04-11 23:40:36,011-INFO-Results are saved at Soft_voting
2026-04-11 23:40:36,015-INFO-Soft_voting is saved at C:\hotel_booking\Models\Baseline
2026-04-11 23:43:53,927-INFO-Pipeline for categorical and numerical features is built
2026-04-11 23:44:02,755-INFO-Model is trained with Random_Forest
2026-04-11 23:44:03,012-INFO-Prediction is done with Random_Forest
2026-04-11 23:44:03,025-INFO-Results are saved at Random_Forest
2026-04-11 23:44:03,063-INFO-Random_Forest is saved at C:\hotel_booking\Models\Baseline
2026-04-11 23:44:03,064-INFO-Pipeline for categorical and numerical features is built
2026-04-11 23:44:04,061-INFO-Model is trained with XGBoost
2026-04-11 23:44:04,232-INFO-Prediction is done with XGBoost
2026-04-11 23:44:04,250-INFO-Results are saved at XGBoost
2026-04-11 23:44:04,263-INFO-XGBoost is saved at C:\hotel_booking\Models\Baseline
2026-04-11 23:44:04,264-INFO-Pipeline for categorical and numerical features is built
2026-04-11 23:54:47,372-INFO-Pipeline for categorical and numerical features is built
2026-04-11 23:54:55,859-INFO-Model is trained with Random_Forest
2026-04-11 23:54:56,205-INFO-Prediction is done with Random_Forest
2026-04-11 23:54:56,220-INFO-Results are saved at Random_Forest
2026-04-11 23:54:56,266-INFO-Random_Forest is saved at C:\hotel_booking\Models\Baseline
2026-04-11 23:54:56,267-INFO-Pipeline for categorical and numerical features is built
2026-04-11 23:54:57,815-INFO-Model is trained with XGBoost
2026-04-11 23:54:58,011-INFO-Prediction is done with XGBoost
2026-04-11 23:54:58,030-INFO-Results are saved at XGBoost
2026-04-11 23:54:58,044-INFO-XGBoost is saved at C:\hotel_booking\Models\Baseline
2026-04-11 23:54:58,046-INFO-Pipeline for categorical and numerical features is built
2026-04-12 00:23:27,061-INFO-Pipeline for categorical and numerical features is built
2026-04-12 00:23:34,698-INFO-Model is trained with Random_Forest
2026-04-12 00:23:34,961-INFO-Prediction is done with Random_Forest
2026-04-12 00:23:34,973-INFO-Results are saved at Random_Forest
2026-04-12 00:23:35,009-INFO-Random_Forest is saved at C:\hotel_booking\Models\Baseline
2026-04-12 00:23:35,010-INFO-Pipeline for categorical and numerical features is built
2026-04-12 00:23:35,984-INFO-Model is trained with XGBoost
2026-04-12 00:23:36,160-INFO-Prediction is done with XGBoost
2026-04-12 00:23:36,176-INFO-Results are saved at XGBoost
2026-04-12 00:23:36,189-INFO-XGBoost is saved at C:\hotel_booking\Models\Baseline
2026-04-12 00:23:36,190-INFO-Pipeline for categorical and numerical features is built
2026-04-12 01:41:44,967-INFO-Model is trained with Hard_voting
2026-04-12 01:43:34,921-INFO-Prediction is done with Hard_voting
2026-04-12 01:43:34,946-INFO-Results are saved at Hard_voting
2026-04-12 01:43:34,967-INFO-Hard_voting is saved at C:\hotel_booking\Models\Baseline
2026-04-12 01:43:34,969-INFO-Pipeline for categorical and numerical features is built
2026-04-12 02:59:27,885-INFO-Model is trained with Soft_voting
2026-04-12 03:01:28,406-INFO-Prediction is done with Soft_voting
2026-04-12 03:01:28,417-INFO-Results are saved at Soft_voting
2026-04-12 03:01:28,435-INFO-Soft_voting is saved at C:\hotel_booking\Models\Baseline
