2026-04-16 19:56:26,117-INFO-Feature engineering is done successfully
2026-04-16 20:53:25,253-INFO-Pipeline is built for Random_Forest successfully
2026-04-16 20:53:25,253-INFO-Starting Bayesian optimization for Random_Forest
2026-04-16 20:53:27,749-INFO-Feature engineering is done successfully
2026-04-16 20:53:27,851-INFO-Feature engineering is done successfully
2026-04-16 20:53:28,073-INFO-Feature engineering is done successfully
2026-04-16 20:53:28,285-INFO-Feature engineering is done successfully
2026-04-16 20:53:28,436-INFO-Feature engineering is done successfully
2026-04-16 20:53:29,528-ERROR-Error while hyperparametr tuning for Random_Forest
2026-04-16 20:59:35,741-INFO-Pipeline is built for Random_Forest successfully
2026-04-16 20:59:35,741-INFO-Starting Bayesian optimization for Random_Forest
2026-04-16 20:59:38,165-INFO-Feature engineering is done successfully
2026-04-16 20:59:38,285-INFO-Feature engineering is done successfully
2026-04-16 20:59:38,470-INFO-Feature engineering is done successfully
2026-04-16 20:59:38,588-INFO-Feature engineering is done successfully
2026-04-16 20:59:38,747-INFO-Feature engineering is done successfully
2026-04-16 20:59:39,442-ERROR-Error while hyperparametr tuning for Random_Forest
2026-04-16 21:01:49,501-INFO-Pipeline is built for Random_Forest successfully
2026-04-16 21:01:49,501-INFO-Starting Bayesian optimization for Random_Forest
2026-04-16 21:01:53,039-INFO-Feature engineering is done successfully
2026-04-16 21:01:53,186-INFO-Feature engineering is done successfully
2026-04-16 21:01:53,315-INFO-Feature engineering is done successfully
2026-04-16 21:01:53,475-INFO-Feature engineering is done successfully
2026-04-16 21:01:54,484-ERROR-Error while hyperparametr tuning for Random_Forest
2026-04-16 21:03:57,910-INFO-Pipeline is built for Random_Forest successfully
2026-04-16 21:03:57,910-INFO-Starting Bayesian optimization for Random_Forest
2026-04-16 21:04:00,360-INFO-Feature engineering is done successfully
2026-04-16 21:04:00,466-INFO-Feature engineering is done successfully
2026-04-16 21:04:00,650-INFO-Feature engineering is done successfully
2026-04-16 21:04:00,784-INFO-Feature engineering is done successfully
2026-04-16 21:04:01,619-ERROR-Error while hyperparametr tuning for Random_Forest
2026-04-16 21:07:42,545-INFO-Feature engineering is done successfully
2026-04-16 21:07:42,545-INFO-Pipeline is built for Random_Forest successfully
2026-04-16 21:07:42,550-INFO-Starting Bayesian optimization for Random_Forest
2026-04-16 21:07:45,116-INFO-Feature engineering is done successfully
2026-04-16 21:07:45,211-INFO-Feature engineering is done successfully
2026-04-16 21:07:45,420-INFO-Feature engineering is done successfully
2026-04-16 21:07:45,878-INFO-Feature engineering is done successfully
2026-04-16 21:07:46,207-INFO-Feature engineering is done successfully
2026-04-16 21:26:55,896-INFO-Feature engineering is done successfully
2026-04-16 21:26:57,092-INFO-Feature engineering is done successfully
2026-04-16 21:26:58,580-INFO-Feature engineering is done successfully
2026-04-16 21:26:59,444-INFO-Feature engineering is done successfully
2026-04-16 21:27:06,513-INFO-Feature engineering is done successfully
2026-04-16 21:30:45,350-INFO-Feature engineering is done successfully
2026-04-16 21:30:45,504-INFO-Feature engineering is done successfully
2026-04-16 21:30:45,899-INFO-Feature engineering is done successfully
2026-04-16 21:30:46,364-INFO-Feature engineering is done successfully
2026-04-16 21:30:46,787-INFO-Feature engineering is done successfully
2026-04-16 21:48:21,748-INFO-Feature engineering is done successfully
2026-04-16 21:48:27,071-INFO-Feature engineering is done successfully
2026-04-16 21:48:27,141-INFO-Feature engineering is done successfully
2026-04-16 21:48:30,613-INFO-Feature engineering is done successfully
2026-04-16 21:48:33,708-INFO-Feature engineering is done successfully
2026-04-16 21:52:29,475-INFO-Feature engineering is done successfully
2026-04-16 21:52:29,647-INFO-Feature engineering is done successfully
2026-04-16 21:52:30,012-INFO-Feature engineering is done successfully
2026-04-16 21:52:30,451-INFO-Feature engineering is done successfully
2026-04-16 21:52:30,898-INFO-Feature engineering is done successfully
2026-04-16 22:10:43,597-INFO-Feature engineering is done successfully
2026-04-16 22:10:55,631-INFO-Feature engineering is done successfully
2026-04-16 22:11:00,887-INFO-Feature engineering is done successfully
2026-04-16 22:11:04,244-INFO-Feature engineering is done successfully
2026-04-16 22:11:06,368-INFO-Feature engineering is done successfully
2026-04-16 22:15:40,426-INFO-Feature engineering is done successfully
2026-04-16 22:15:40,740-INFO-Feature engineering is done successfully
2026-04-16 22:15:41,214-INFO-Feature engineering is done successfully
2026-04-16 22:15:41,863-INFO-Feature engineering is done successfully
2026-04-16 22:15:42,445-INFO-Feature engineering is done successfully
2026-04-16 22:28:16,711-INFO-Feature engineering is done successfully
2026-04-16 22:28:16,713-INFO-Pipeline is built for Random_Forest successfully
2026-04-16 22:28:16,717-INFO-Starting Bayesian optimization for Random_Forest
2026-04-16 22:28:19,433-INFO-Feature engineering is done successfully
2026-04-16 22:28:19,601-INFO-Feature engineering is done successfully
2026-04-16 22:28:19,955-INFO-Feature engineering is done successfully
2026-04-16 22:28:20,504-INFO-Feature engineering is done successfully
2026-04-16 22:28:22,021-INFO-Feature engineering is done successfully
2026-04-16 22:45:38,324-INFO-Feature engineering is done successfully
2026-04-16 22:45:39,572-INFO-Feature engineering is done successfully
2026-04-16 22:45:48,282-INFO-Feature engineering is done successfully
2026-04-16 22:45:54,147-INFO-Feature engineering is done successfully
2026-04-16 22:45:55,526-INFO-Feature engineering is done successfully
2026-04-16 22:49:45,663-INFO-Feature engineering is done successfully
2026-04-16 22:49:45,846-INFO-Feature engineering is done successfully
2026-04-16 22:49:46,195-INFO-Feature engineering is done successfully
2026-04-16 22:49:46,576-INFO-Feature engineering is done successfully
2026-04-16 22:49:47,031-INFO-Feature engineering is done successfully
2026-04-16 23:06:17,979-INFO-Feature engineering is done successfully
2026-04-16 23:06:20,425-INFO-Feature engineering is done successfully
2026-04-16 23:06:24,187-INFO-Feature engineering is done successfully
2026-04-16 23:06:29,438-INFO-Feature engineering is done successfully
2026-04-16 23:06:32,259-INFO-Feature engineering is done successfully
2026-04-16 23:10:25,540-INFO-Feature engineering is done successfully
2026-04-16 23:10:25,758-INFO-Feature engineering is done successfully
2026-04-16 23:10:26,078-INFO-Feature engineering is done successfully
2026-04-16 23:10:26,529-INFO-Feature engineering is done successfully
2026-04-16 23:10:26,995-INFO-Feature engineering is done successfully
2026-04-16 23:25:49,386-INFO-Feature engineering is done successfully
2026-04-16 23:25:51,324-INFO-Feature engineering is done successfully
2026-04-16 23:25:52,464-INFO-Feature engineering is done successfully
2026-04-16 23:26:00,683-INFO-Feature engineering is done successfully
2026-04-16 23:26:07,260-INFO-Feature engineering is done successfully
2026-04-16 23:29:31,905-INFO-Feature engineering is done successfully
2026-04-16 23:29:32,115-INFO-Feature engineering is done successfully
2026-04-16 23:29:32,364-INFO-Feature engineering is done successfully
2026-04-16 23:29:32,684-INFO-Feature engineering is done successfully
2026-04-16 23:29:33,126-INFO-Feature engineering is done successfully
2026-04-16 23:45:19,884-INFO-Feature engineering is done successfully
2026-04-16 23:45:26,197-INFO-Feature engineering is done successfully
2026-04-16 23:45:26,796-INFO-Feature engineering is done successfully
2026-04-16 23:45:28,312-INFO-Feature engineering is done successfully
2026-04-16 23:45:28,741-INFO-Feature engineering is done successfully
2026-04-16 23:48:59,790-INFO-Feature engineering is done successfully
2026-04-16 23:48:59,985-INFO-Feature engineering is done successfully
2026-04-16 23:49:00,344-INFO-Feature engineering is done successfully
2026-04-16 23:49:00,654-INFO-Feature engineering is done successfully
2026-04-16 23:49:01,092-INFO-Feature engineering is done successfully
2026-04-17 01:30:13,384-INFO-Feature engineering is done successfully
2026-04-17 01:30:13,385-INFO-Pipeline is built for Random_Forest successfully
2026-04-17 01:30:13,389-INFO-Starting Bayesian optimization for Random_Forest
2026-04-17 01:30:15,575-INFO-Feature engineering is done successfully
2026-04-17 01:30:15,693-INFO-Feature engineering is done successfully
2026-04-17 01:30:15,826-INFO-Feature engineering is done successfully
2026-04-17 01:35:29,652-INFO-Feature engineering is done successfully
2026-04-17 01:35:32,321-INFO-Feature engineering is done successfully
2026-04-17 01:35:34,162-INFO-Feature engineering is done successfully
2026-04-17 01:37:57,557-INFO-Feature engineering is done successfully
2026-04-17 01:37:57,776-INFO-Feature engineering is done successfully
2026-04-17 01:37:58,066-INFO-Feature engineering is done successfully
2026-04-17 01:43:09,146-INFO-Feature engineering is done successfully
2026-04-17 01:43:10,528-INFO-Feature engineering is done successfully
2026-04-17 01:43:11,879-INFO-Feature engineering is done successfully
2026-04-17 01:45:39,391-INFO-Feature engineering is done successfully
2026-04-17 01:45:39,597-INFO-Feature engineering is done successfully
2026-04-17 01:45:39,897-INFO-Feature engineering is done successfully
2026-04-17 01:50:53,844-INFO-Feature engineering is done successfully
2026-04-17 01:50:54,781-INFO-Feature engineering is done successfully
2026-04-17 01:50:56,651-INFO-Feature engineering is done successfully
2026-04-17 01:53:50,428-INFO-Feature engineering is done successfully
2026-04-17 01:53:50,630-INFO-Feature engineering is done successfully
2026-04-17 01:53:50,909-INFO-Feature engineering is done successfully
2026-04-17 01:59:05,740-INFO-Feature engineering is done successfully
2026-04-17 01:59:06,911-INFO-Feature engineering is done successfully
2026-04-17 01:59:09,177-INFO-Feature engineering is done successfully
2026-04-17 02:01:42,136-INFO-Feature engineering is done successfully
2026-04-17 02:01:42,359-INFO-Feature engineering is done successfully
2026-04-17 02:01:42,632-INFO-Feature engineering is done successfully
2026-04-17 02:06:53,522-INFO-Feature engineering is done successfully
2026-04-17 02:06:58,449-INFO-Feature engineering is done successfully
2026-04-17 02:06:58,709-INFO-Feature engineering is done successfully
2026-04-17 02:09:32,209-INFO-Feature engineering is done successfully
2026-04-17 02:09:32,412-INFO-Feature engineering is done successfully
2026-04-17 02:09:32,655-INFO-Feature engineering is done successfully
2026-04-17 02:14:42,107-INFO-Feature engineering is done successfully
2026-04-17 02:14:43,300-INFO-Feature engineering is done successfully
2026-04-17 02:14:45,229-INFO-Feature engineering is done successfully
2026-04-17 02:17:10,836-INFO-Feature engineering is done successfully
2026-04-17 02:17:11,054-INFO-Feature engineering is done successfully
2026-04-17 02:17:11,345-INFO-Feature engineering is done successfully
2026-04-17 03:01:35,606-INFO-Feature engineering is done successfully
2026-04-17 03:01:35,607-INFO-Pipeline is built for Random_Forest successfully
2026-04-17 03:01:35,614-INFO-Starting Bayesian optimization for Random_Forest
2026-04-17 03:01:38,344-INFO-Feature engineering is done successfully
2026-04-17 03:01:38,848-INFO-Feature engineering is done successfully
2026-04-17 03:01:39,551-INFO-Feature engineering is done successfully
2026-04-17 03:07:25,264-INFO-Feature engineering is done successfully
2026-04-17 03:07:25,494-INFO-Feature engineering is done successfully
2026-04-17 03:07:27,963-INFO-Feature engineering is done successfully
2026-04-17 03:10:12,587-INFO-Feature engineering is done successfully
2026-04-17 03:10:12,791-INFO-Feature engineering is done successfully
2026-04-17 03:10:13,088-INFO-Feature engineering is done successfully
2026-04-17 03:15:43,312-INFO-Feature engineering is done successfully
2026-04-17 03:15:48,535-INFO-Feature engineering is done successfully
2026-04-17 03:15:49,515-INFO-Feature engineering is done successfully
2026-04-17 03:18:28,130-INFO-Feature engineering is done successfully
2026-04-17 03:18:28,345-INFO-Feature engineering is done successfully
2026-04-17 03:18:28,673-INFO-Feature engineering is done successfully
2026-04-17 03:24:05,411-INFO-Feature engineering is done successfully
2026-04-17 03:24:05,523-INFO-Feature engineering is done successfully
2026-04-17 03:24:07,492-INFO-Feature engineering is done successfully
2026-04-17 03:26:51,681-INFO-Feature engineering is done successfully
2026-04-17 03:26:51,895-INFO-Feature engineering is done successfully
2026-04-17 03:26:52,172-INFO-Feature engineering is done successfully
2026-04-17 03:32:31,948-INFO-Feature engineering is done successfully
2026-04-17 03:32:32,386-INFO-Feature engineering is done successfully
2026-04-17 03:32:33,499-INFO-Feature engineering is done successfully
2026-04-17 03:35:17,712-INFO-Feature engineering is done successfully
2026-04-17 03:35:17,907-INFO-Feature engineering is done successfully
2026-04-17 03:35:18,208-INFO-Feature engineering is done successfully
2026-04-17 03:40:55,253-INFO-Feature engineering is done successfully
2026-04-17 03:40:56,568-INFO-Feature engineering is done successfully
2026-04-17 03:40:57,343-INFO-Feature engineering is done successfully
2026-04-17 03:43:39,105-INFO-Feature engineering is done successfully
2026-04-17 03:43:39,297-INFO-Feature engineering is done successfully
2026-04-17 03:43:39,628-INFO-Feature engineering is done successfully
2026-04-17 03:49:10,068-INFO-Feature engineering is done successfully
2026-04-17 03:49:12,307-INFO-Feature engineering is done successfully
2026-04-17 03:49:14,055-INFO-Feature engineering is done successfully
2026-04-17 03:51:51,508-INFO-Feature engineering is done successfully
2026-04-17 03:51:51,721-INFO-Feature engineering is done successfully
2026-04-17 03:51:51,967-INFO-Feature engineering is done successfully
2026-04-17 03:57:13,920-INFO-Feature engineering is done successfully
2026-04-17 03:57:16,392-INFO-Feature engineering is done successfully
2026-04-17 03:57:20,320-INFO-Feature engineering is done successfully
2026-04-17 03:59:57,071-INFO-Feature engineering is done successfully
2026-04-17 03:59:57,282-INFO-Feature engineering is done successfully
2026-04-17 03:59:57,579-INFO-Feature engineering is done successfully
2026-04-17 04:05:33,455-INFO-Feature engineering is done successfully
2026-04-17 04:05:34,459-INFO-Feature engineering is done successfully
2026-04-17 04:05:35,763-INFO-Feature engineering is done successfully
2026-04-17 04:08:17,215-INFO-Feature engineering is done successfully
2026-04-17 04:08:17,417-INFO-Feature engineering is done successfully
2026-04-17 04:08:17,769-INFO-Feature engineering is done successfully
2026-04-17 04:14:03,560-INFO-Feature engineering is done successfully
2026-04-17 04:14:03,956-INFO-Feature engineering is done successfully
2026-04-17 04:14:06,556-INFO-Feature engineering is done successfully
2026-04-17 04:16:49,111-INFO-Feature engineering is done successfully
2026-04-17 04:16:49,305-INFO-Feature engineering is done successfully
2026-04-17 04:16:49,576-INFO-Feature engineering is done successfully
2026-04-17 04:22:34,303-INFO-Feature engineering is done successfully
2026-04-17 04:22:35,835-INFO-Feature engineering is done successfully
2026-04-17 04:22:36,691-INFO-Feature engineering is done successfully
2026-04-17 04:25:17,880-INFO-Feature engineering is done successfully
2026-04-17 04:31:21,237-INFO-Bayesion optimization is done complately for Random_Forest
2026-04-17 04:31:21,238-INFO-Best params:OrderedDict({'model__bootstrap': False, 'model__max_depth': 8, 'model__max_features': None, 'model__min_samples_leaf': 5, 'model__min_samples_split': 5, 'model__n_estimators': 14})
2026-04-17 04:31:21,265-INFO-Random_Forest is saved at C:\hotel_booking\Models\Improved
2026-04-17 04:31:21,289-INFO-Feature engineering is done successfully
2026-04-17 04:32:49,377-INFO-Prediction for the Random_Forest is done
2026-04-17 04:32:49,396-INFO-Metrics for Random_Forest is done successfully
2026-04-17 04:32:49,425-INFO-Feature engineering is done successfully
2026-04-17 04:32:49,427-INFO-Pipeline is built for XGBoost successfully
2026-04-17 04:32:49,431-INFO-Starting Bayesian optimization for XGBoost
2026-04-17 04:32:52,354-INFO-Feature engineering is done successfully
2026-04-17 04:32:52,367-INFO-Feature engineering is done successfully
2026-04-17 04:32:52,368-INFO-Feature engineering is done successfully
2026-04-17 04:38:22,963-INFO-Feature engineering is done successfully
2026-04-17 04:38:23,073-INFO-Feature engineering is done successfully
2026-04-17 04:38:26,372-INFO-Feature engineering is done successfully
2026-04-17 04:41:08,941-INFO-Feature engineering is done successfully
2026-04-17 04:41:09,142-INFO-Feature engineering is done successfully
2026-04-17 04:41:09,441-INFO-Feature engineering is done successfully
2026-04-17 04:46:46,122-INFO-Feature engineering is done successfully
2026-04-17 04:46:47,319-INFO-Feature engineering is done successfully
2026-04-17 04:46:48,347-INFO-Feature engineering is done successfully
2026-04-17 04:49:31,128-INFO-Feature engineering is done successfully
2026-04-17 04:49:31,345-INFO-Feature engineering is done successfully
2026-04-17 04:49:31,675-INFO-Feature engineering is done successfully
2026-04-17 04:55:08,758-INFO-Feature engineering is done successfully
2026-04-17 04:55:09,389-INFO-Feature engineering is done successfully
2026-04-17 04:55:10,196-INFO-Feature engineering is done successfully
2026-04-17 04:57:56,961-INFO-Feature engineering is done successfully
2026-04-17 04:57:57,164-INFO-Feature engineering is done successfully
2026-04-17 04:57:57,461-INFO-Feature engineering is done successfully
2026-04-17 05:03:29,334-INFO-Feature engineering is done successfully
2026-04-17 05:03:30,310-INFO-Feature engineering is done successfully
2026-04-17 05:03:34,073-INFO-Feature engineering is done successfully
2026-04-17 05:06:13,993-INFO-Feature engineering is done successfully
2026-04-17 05:06:14,193-INFO-Feature engineering is done successfully
2026-04-17 05:06:14,530-INFO-Feature engineering is done successfully
2026-04-17 05:11:46,953-INFO-Feature engineering is done successfully
2026-04-17 05:11:50,768-INFO-Feature engineering is done successfully
2026-04-17 05:11:51,776-INFO-Feature engineering is done successfully
2026-04-17 05:14:30,618-INFO-Feature engineering is done successfully
2026-04-17 05:14:30,831-INFO-Feature engineering is done successfully
2026-04-17 05:14:31,168-INFO-Feature engineering is done successfully
2026-04-17 05:20:18,245-INFO-Feature engineering is done successfully
2026-04-17 05:20:19,993-INFO-Feature engineering is done successfully
2026-04-17 05:20:20,220-INFO-Feature engineering is done successfully
2026-04-17 05:23:02,374-INFO-Feature engineering is done successfully
2026-04-17 05:23:02,616-INFO-Feature engineering is done successfully
2026-04-17 05:23:02,941-INFO-Feature engineering is done successfully
2026-04-17 05:28:34,983-INFO-Feature engineering is done successfully
2026-04-17 05:28:39,270-INFO-Feature engineering is done successfully
2026-04-17 05:28:40,923-INFO-Feature engineering is done successfully
2026-04-17 05:31:17,127-INFO-Feature engineering is done successfully
2026-04-17 05:31:17,358-INFO-Feature engineering is done successfully
2026-04-17 05:31:17,674-INFO-Feature engineering is done successfully
2026-04-17 05:36:54,175-INFO-Feature engineering is done successfully
2026-04-17 05:36:54,686-INFO-Feature engineering is done successfully
2026-04-17 05:36:55,345-INFO-Feature engineering is done successfully
2026-04-17 05:39:41,557-INFO-Feature engineering is done successfully
2026-04-17 05:39:41,766-INFO-Feature engineering is done successfully
2026-04-17 05:39:42,018-INFO-Feature engineering is done successfully
2026-04-17 05:45:13,195-INFO-Feature engineering is done successfully
2026-04-17 05:45:13,927-INFO-Feature engineering is done successfully
2026-04-17 05:45:17,391-INFO-Feature engineering is done successfully
2026-04-17 05:47:57,621-INFO-Feature engineering is done successfully
2026-04-17 05:47:57,816-INFO-Feature engineering is done successfully
2026-04-17 05:47:58,098-INFO-Feature engineering is done successfully
2026-04-17 05:53:30,709-INFO-Feature engineering is done successfully
2026-04-17 05:53:35,402-INFO-Feature engineering is done successfully
2026-04-17 05:53:35,803-INFO-Feature engineering is done successfully
2026-04-17 05:56:18,100-INFO-Feature engineering is done successfully
2026-04-17 06:02:16,506-INFO-Bayesion optimization is done complately for XGBoost
2026-04-17 06:02:16,506-INFO-Best params:OrderedDict({'model__colsample_bytree': 0.7640415835413256, 'model__gamma': 3.6386287158866253, 'model__learning_rate': 0.2387586688716479, 'model__max_depth': 5, 'model__n_estimators': 23, 'model__reg_alpha': 0.17472534129202036, 'model__reg_lambda': 0.11292601550105653, 'model__subsample': 0.8958016936761681})
2026-04-17 06:02:16,532-INFO-XGBoost is saved at C:\hotel_booking\Models\Improved
2026-04-17 06:02:16,555-INFO-Feature engineering is done successfully
2026-04-17 06:03:44,489-INFO-Prediction for the XGBoost is done
2026-04-17 06:03:44,511-INFO-Metrics for XGBoost is done successfully
2026-04-17 06:03:44,551-INFO-Feature engineering is done successfully
2026-04-17 06:03:44,552-INFO-Pipeline is built for Hard_voting successfully
2026-04-17 06:03:44,559-INFO-Starting Bayesian optimization for Hard_voting
2026-04-17 06:03:47,504-INFO-Feature engineering is done successfully
2026-04-17 06:03:47,508-INFO-Feature engineering is done successfully
2026-04-17 06:03:47,510-INFO-Feature engineering is done successfully
2026-04-17 07:05:39,959-INFO-Feature engineering is done successfully
2026-04-17 07:06:10,104-INFO-Feature engineering is done successfully
2026-04-17 07:07:26,626-INFO-Feature engineering is done successfully
2026-04-17 07:09:48,686-INFO-Feature engineering is done successfully
2026-04-17 07:09:48,884-INFO-Feature engineering is done successfully
2026-04-17 07:09:49,092-INFO-Feature engineering is done successfully
2026-04-17 12:54:39,517-INFO-Feature engineering is done successfully
2026-04-17 12:54:39,518-INFO-Pipeline is built for Random_Forest successfully
2026-04-17 12:54:39,522-INFO-Starting Bayesian optimization for Random_Forest
2026-04-17 12:54:42,379-INFO-Feature engineering is done successfully
2026-04-17 12:54:42,475-INFO-Feature engineering is done successfully
2026-04-17 12:54:42,715-INFO-Feature engineering is done successfully
2026-04-17 12:55:47,314-INFO-Feature engineering is done successfully
2026-04-17 12:55:47,314-INFO-Pipeline is built for Random_Forest successfully
2026-04-17 12:55:47,318-INFO-Starting Bayesian optimization for Random_Forest
2026-04-17 12:55:50,578-INFO-Feature engineering is done successfully
2026-04-17 12:55:50,683-INFO-Feature engineering is done successfully
2026-04-17 12:55:51,041-INFO-Feature engineering is done successfully
2026-04-17 13:03:32,968-INFO-Feature engineering is done successfully
2026-04-17 13:03:34,432-INFO-Feature engineering is done successfully
2026-04-17 13:03:34,884-INFO-Feature engineering is done successfully
2026-04-17 13:07:19,016-INFO-Feature engineering is done successfully
2026-04-17 13:07:19,279-INFO-Feature engineering is done successfully
2026-04-17 13:07:19,665-INFO-Feature engineering is done successfully
2026-04-17 13:14:53,612-INFO-Feature engineering is done successfully
2026-04-17 13:14:56,569-INFO-Feature engineering is done successfully
2026-04-17 13:14:57,553-INFO-Feature engineering is done successfully
2026-04-17 13:18:59,897-INFO-Feature engineering is done successfully
2026-04-17 13:19:00,180-INFO-Feature engineering is done successfully
2026-04-17 13:19:00,600-INFO-Feature engineering is done successfully
2026-04-17 13:26:40,092-INFO-Feature engineering is done successfully
2026-04-17 13:26:40,232-INFO-Feature engineering is done successfully
2026-04-17 13:26:41,939-INFO-Feature engineering is done successfully
2026-04-17 13:30:25,152-INFO-Feature engineering is done successfully
2026-04-17 13:30:25,410-INFO-Feature engineering is done successfully
2026-04-17 13:30:25,807-INFO-Feature engineering is done successfully
2026-04-17 13:38:45,034-INFO-Feature engineering is done successfully
2026-04-17 13:38:46,384-INFO-Feature engineering is done successfully
2026-04-17 13:38:48,695-INFO-Feature engineering is done successfully
2026-04-17 13:43:50,472-INFO-Feature engineering is done successfully
2026-04-17 13:43:50,852-INFO-Feature engineering is done successfully
2026-04-17 13:43:51,298-INFO-Feature engineering is done successfully
2026-04-17 13:46:08,785-INFO-Feature engineering is done successfully
2026-04-17 13:46:08,786-INFO-Pipeline is built for Random_Forest successfully
2026-04-17 13:46:08,789-INFO-Starting Bayesian optimization for Random_Forest
2026-04-17 13:46:11,217-INFO-Feature engineering is done successfully
2026-04-17 13:46:11,407-INFO-Feature engineering is done successfully
2026-04-17 13:46:11,942-INFO-Feature engineering is done successfully
2026-04-17 13:53:42,241-INFO-Feature engineering is done successfully
2026-04-17 13:53:42,739-INFO-Feature engineering is done successfully
2026-04-17 13:53:43,871-INFO-Feature engineering is done successfully
2026-04-17 13:57:25,153-INFO-Feature engineering is done successfully
2026-04-17 13:57:25,422-INFO-Feature engineering is done successfully
2026-04-17 13:57:25,837-INFO-Feature engineering is done successfully
2026-04-17 14:05:29,045-INFO-Feature engineering is done successfully
2026-04-17 14:05:29,821-INFO-Feature engineering is done successfully
2026-04-17 14:05:31,639-INFO-Feature engineering is done successfully
2026-04-17 14:09:37,596-INFO-Feature engineering is done successfully
2026-04-17 14:09:37,811-INFO-Feature engineering is done successfully
2026-04-17 14:09:38,102-INFO-Feature engineering is done successfully
2026-04-17 14:15:42,094-INFO-Feature engineering is done successfully
2026-04-17 14:15:44,099-INFO-Feature engineering is done successfully
2026-04-17 14:15:46,338-INFO-Feature engineering is done successfully
2026-04-17 14:18:35,085-INFO-Feature engineering is done successfully
2026-04-17 14:18:35,327-INFO-Feature engineering is done successfully
2026-04-17 14:18:35,712-INFO-Feature engineering is done successfully
2026-04-17 14:25:08,746-INFO-Feature engineering is done successfully
2026-04-17 14:25:09,005-INFO-Feature engineering is done successfully
2026-04-17 14:25:12,046-INFO-Feature engineering is done successfully
2026-04-17 14:28:16,792-INFO-Feature engineering is done successfully
2026-04-17 14:28:17,020-INFO-Feature engineering is done successfully
2026-04-17 14:28:17,428-INFO-Feature engineering is done successfully
2026-04-17 14:35:02,635-INFO-Feature engineering is done successfully
2026-04-17 14:35:03,998-INFO-Feature engineering is done successfully
2026-04-17 14:35:05,348-INFO-Feature engineering is done successfully
2026-04-17 14:37:45,555-INFO-Feature engineering is done successfully
2026-04-17 14:37:45,773-INFO-Feature engineering is done successfully
2026-04-17 14:37:46,164-INFO-Feature engineering is done successfully
2026-04-17 14:43:19,762-INFO-Feature engineering is done successfully
2026-04-17 14:43:20,748-INFO-Feature engineering is done successfully
2026-04-17 14:43:23,027-INFO-Feature engineering is done successfully
2026-04-17 14:46:01,147-INFO-Feature engineering is done successfully
2026-04-17 14:52:04,676-INFO-Bayesion optimization is done complately for Random_Forest
2026-04-17 14:52:04,677-INFO-Best params:OrderedDict({'model__max_depth': 8, 'model__max_features': None, 'model__min_samples_leaf': 2, 'model__min_samples_split': 4, 'model__n_estimators': 26})
2026-04-17 14:52:04,708-INFO-Random_Forest is saved at C:\hotel_booking\Models\Improved
2026-04-17 14:52:04,730-INFO-Feature engineering is done successfully
2026-04-17 14:53:32,954-INFO-Prediction for the Random_Forest is done
2026-04-17 14:53:32,980-INFO-Metrics for Random_Forest is done successfully
2026-04-17 14:53:33,007-INFO-Feature engineering is done successfully
2026-04-17 14:53:33,009-INFO-Pipeline is built for XGBoost successfully
2026-04-17 14:53:33,013-INFO-Starting Bayesian optimization for XGBoost
2026-04-17 14:53:36,046-INFO-Feature engineering is done successfully
2026-04-17 14:53:36,046-INFO-Feature engineering is done successfully
2026-04-17 14:53:36,055-INFO-Feature engineering is done successfully
2026-04-17 14:59:07,792-INFO-Feature engineering is done successfully
2026-04-17 14:59:08,069-INFO-Feature engineering is done successfully
2026-04-17 14:59:09,606-INFO-Feature engineering is done successfully
2026-04-17 15:01:56,316-INFO-Feature engineering is done successfully
2026-04-17 15:01:56,520-INFO-Feature engineering is done successfully
2026-04-17 15:01:56,890-INFO-Feature engineering is done successfully
2026-04-17 15:07:39,983-INFO-Feature engineering is done successfully
2026-04-17 15:07:40,156-INFO-Feature engineering is done successfully
2026-04-17 15:07:43,370-INFO-Feature engineering is done successfully
2026-04-17 15:10:23,521-INFO-Feature engineering is done successfully
2026-04-17 15:10:23,739-INFO-Feature engineering is done successfully
2026-04-17 15:10:24,082-INFO-Feature engineering is done successfully
2026-04-17 15:15:58,600-INFO-Feature engineering is done successfully
2026-04-17 15:15:58,889-INFO-Feature engineering is done successfully
2026-04-17 15:16:00,194-INFO-Feature engineering is done successfully
2026-04-17 15:18:44,075-INFO-Feature engineering is done successfully
2026-04-17 15:18:44,316-INFO-Feature engineering is done successfully
2026-04-17 15:18:44,658-INFO-Feature engineering is done successfully
2026-04-17 15:24:14,980-INFO-Feature engineering is done successfully
2026-04-17 15:24:19,379-INFO-Feature engineering is done successfully
2026-04-17 15:24:19,416-INFO-Feature engineering is done successfully
2026-04-17 15:27:00,871-INFO-Feature engineering is done successfully
2026-04-17 15:27:01,089-INFO-Feature engineering is done successfully
2026-04-17 15:27:01,478-INFO-Feature engineering is done successfully
2026-04-17 15:32:24,691-INFO-Feature engineering is done successfully
2026-04-17 15:32:31,138-INFO-Feature engineering is done successfully
2026-04-17 15:32:31,584-INFO-Feature engineering is done successfully
2026-04-17 15:35:11,359-INFO-Feature engineering is done successfully
2026-04-17 15:35:11,544-INFO-Feature engineering is done successfully
2026-04-17 15:35:11,913-INFO-Feature engineering is done successfully
2026-04-17 15:40:45,207-INFO-Feature engineering is done successfully
2026-04-17 15:40:50,187-INFO-Feature engineering is done successfully
2026-04-17 15:40:50,670-INFO-Feature engineering is done successfully
2026-04-17 15:43:30,893-INFO-Feature engineering is done successfully
2026-04-17 15:49:29,541-INFO-Bayesion optimization is done complately for XGBoost
2026-04-17 15:49:29,541-INFO-Best params:OrderedDict({'model__learning_rate': 0.17255364529395611, 'model__max_depth': 9, 'model__n_estimators': 16, 'model__reg_alpha': 7.1395644727446514, 'model__reg_lambda': 3.9118639884156683, 'model__subsample': 0.6249251763376286})
2026-04-17 15:49:29,569-INFO-XGBoost is saved at C:\hotel_booking\Models\Improved
2026-04-17 15:49:29,591-INFO-Feature engineering is done successfully
2026-04-17 15:50:57,638-INFO-Prediction for the XGBoost is done
2026-04-17 15:50:57,663-INFO-Metrics for XGBoost is done successfully
2026-04-18 01:52:30,120-INFO-Feature engineering is done successfully
2026-04-18 01:56:31,478-INFO-Feature engineering is done successfully
2026-04-18 01:57:57,353-INFO-Feature engineering is done successfully
2026-04-18 01:58:02,328-INFO-Feature engineering is done successfully
2026-04-18 01:59:11,064-INFO-Feature engineering is done successfully
2026-04-18 01:59:50,414-INFO-Feature engineering is done successfully
2026-04-18 15:29:41,270-INFO-HTTP Request: HEAD https://huggingface.co/api/telemetry/https%3A/api.gradio.app/gradio-initiated-analytics "HTTP/1.1 200 OK"
2026-04-18 15:29:41,840-INFO-HTTP Request: GET https://api.gradio.app/pkg-version "HTTP/1.1 200 OK"
2026-04-18 15:29:44,149-INFO-HTTP Request: GET http://localhost:7860/gradio_api/startup-events "HTTP/1.1 200 OK"
2026-04-18 15:29:46,297-INFO-HTTP Request: HEAD http://localhost:7860/ "HTTP/1.1 200 OK"
2026-04-18 15:29:46,553-INFO-HTTP Request: HEAD https://huggingface.co/api/telemetry/https%3A/api.gradio.app/gradio-launched-telemetry "HTTP/1.1 200 OK"
2026-04-18 15:29:48,434-INFO-HTTP Request: HEAD http://localhost:7860/ "HTTP/1.1 200 OK"
2026-04-18 15:29:48,769-INFO-HTTP Request: HEAD https://huggingface.co/api/telemetry/https%3A/api.gradio.app/gradio-launched-telemetry "HTTP/1.1 200 OK"
2026-04-18 15:29:50,572-INFO-HTTP Request: HEAD http://localhost:7860/ "HTTP/1.1 200 OK"
2026-04-18 15:29:50,823-INFO-HTTP Request: HEAD https://huggingface.co/api/telemetry/https%3A/api.gradio.app/gradio-launched-telemetry "HTTP/1.1 200 OK"
2026-04-18 15:34:50,784-INFO-HTTP Request: HEAD https://huggingface.co/api/telemetry/https%3A/api.gradio.app/gradio-initiated-analytics "HTTP/1.1 200 OK"
2026-04-18 15:34:51,284-INFO-HTTP Request: GET https://api.gradio.app/pkg-version "HTTP/1.1 200 OK"
2026-04-18 15:40:05,302-INFO-HTTP Request: HEAD https://huggingface.co/api/telemetry/https%3A/api.gradio.app/gradio-initiated-analytics "HTTP/1.1 200 OK"
2026-04-18 15:40:05,803-INFO-HTTP Request: GET https://api.gradio.app/pkg-version "HTTP/1.1 200 OK"
2026-04-18 15:40:52,343-INFO-HTTP Request: HEAD https://huggingface.co/api/telemetry/https%3A/api.gradio.app/gradio-initiated-analytics "HTTP/1.1 200 OK"
2026-04-18 15:40:52,803-INFO-HTTP Request: GET https://api.gradio.app/pkg-version "HTTP/1.1 200 OK"
2026-04-18 15:40:54,412-INFO-HTTP Request: GET http://localhost:7861/gradio_api/startup-events "HTTP/1.1 200 OK"
2026-04-18 15:40:56,472-INFO-HTTP Request: HEAD http://localhost:7861/ "HTTP/1.1 200 OK"
2026-04-18 15:40:56,688-INFO-HTTP Request: HEAD https://huggingface.co/api/telemetry/https%3A/api.gradio.app/gradio-launched-telemetry "HTTP/1.1 200 OK"
2026-04-18 15:42:00,291-INFO-HTTP Request: HEAD https://huggingface.co/api/telemetry/https%3A/api.gradio.app/gradio-initiated-analytics "HTTP/1.1 200 OK"
2026-04-18 15:42:00,812-INFO-HTTP Request: GET https://api.gradio.app/pkg-version "HTTP/1.1 200 OK"
2026-04-18 15:42:02,317-INFO-HTTP Request: GET http://localhost:7861/gradio_api/startup-events "HTTP/1.1 200 OK"
2026-04-18 15:42:17,522-INFO-HTTP Request: HEAD https://huggingface.co/api/telemetry/https%3A/api.gradio.app/gradio-initiated-analytics "HTTP/1.1 200 OK"
2026-04-18 15:42:17,993-INFO-HTTP Request: GET https://api.gradio.app/pkg-version "HTTP/1.1 200 OK"
2026-04-18 15:42:19,562-INFO-HTTP Request: GET http://localhost:7861/gradio_api/startup-events "HTTP/1.1 200 OK"
2026-04-18 15:42:21,608-INFO-HTTP Request: HEAD http://localhost:7861/ "HTTP/1.1 200 OK"
2026-04-18 15:42:22,482-INFO-HTTP Request: GET https://api.gradio.app/v3/tunnel-request "HTTP/1.1 200 OK"
2026-04-18 15:42:22,883-INFO-HTTP Request: GET https://cdn-media.huggingface.co/frpc-gradio-0.3/frpc_windows_amd64.exe "HTTP/1.1 200 OK"
2026-04-18 15:42:24,133-INFO-HTTP Request: HEAD https://huggingface.co/api/telemetry/https%3A/api.gradio.app/gradio-error-analytics "HTTP/1.1 200 OK"
2026-04-18 15:42:24,303-INFO-HTTP Request: HEAD https://huggingface.co/api/telemetry/https%3A/api.gradio.app/gradio-launched-telemetry "HTTP/1.1 200 OK"
2026-04-18 15:42:56,264-INFO-HTTP Request: HEAD https://huggingface.co/api/telemetry/https%3A/api.gradio.app/gradio-initiated-analytics "HTTP/1.1 200 OK"
2026-04-18 15:42:56,703-INFO-HTTP Request: GET https://api.gradio.app/pkg-version "HTTP/1.1 200 OK"
2026-04-18 15:42:58,328-INFO-HTTP Request: GET http://localhost:7861/gradio_api/startup-events "HTTP/1.1 200 OK"
2026-04-18 15:43:00,375-INFO-HTTP Request: HEAD http://localhost:7861/ "HTTP/1.1 200 OK"
2026-04-18 15:43:00,582-INFO-HTTP Request: HEAD https://huggingface.co/api/telemetry/https%3A/api.gradio.app/gradio-launched-telemetry "HTTP/1.1 200 OK"
2026-04-18 15:45:30,793-INFO-HTTP Request: HEAD https://huggingface.co/api/telemetry/https%3A/api.gradio.app/gradio-initiated-analytics "HTTP/1.1 200 OK"
2026-04-18 15:45:31,312-INFO-HTTP Request: GET https://api.gradio.app/pkg-version "HTTP/1.1 200 OK"
2026-04-18 15:45:32,826-INFO-HTTP Request: GET http://localhost:7861/gradio_api/startup-events "HTTP/1.1 200 OK"
2026-04-18 15:45:34,882-INFO-HTTP Request: HEAD http://localhost:7861/ "HTTP/1.1 200 OK"
2026-04-18 15:45:35,140-INFO-HTTP Request: HEAD https://huggingface.co/api/telemetry/https%3A/api.gradio.app/gradio-launched-telemetry "HTTP/1.1 200 OK"
2026-04-18 15:46:13,829-INFO-HTTP Request: HEAD https://huggingface.co/api/telemetry/https%3A/api.gradio.app/gradio-initiated-analytics "HTTP/1.1 200 OK"
2026-04-18 15:46:14,145-INFO-HTTP Request: GET http://127.0.0.1:7861/gradio_api/startup-events "HTTP/1.1 200 OK"
2026-04-18 15:46:14,181-INFO-HTTP Request: HEAD http://127.0.0.1:7861/ "HTTP/1.1 200 OK"
2026-04-18 15:46:14,281-INFO-HTTP Request: GET https://api.gradio.app/pkg-version "HTTP/1.1 200 OK"
2026-04-18 15:46:14,393-INFO-HTTP Request: HEAD https://huggingface.co/api/telemetry/https%3A/api.gradio.app/gradio-launched-telemetry "HTTP/1.1 200 OK"
2026-04-18 15:46:45,318-INFO-HTTP Request: HEAD https://huggingface.co/api/telemetry/https%3A/api.gradio.app/gradio-initiated-analytics "HTTP/1.1 200 OK"
2026-04-18 15:46:45,413-INFO-HTTP Request: GET http://127.0.0.1:7861/gradio_api/startup-events "HTTP/1.1 200 OK"
2026-04-18 15:46:45,437-INFO-HTTP Request: HEAD http://127.0.0.1:7861/ "HTTP/1.1 200 OK"
2026-04-18 15:46:45,651-INFO-HTTP Request: HEAD https://huggingface.co/api/telemetry/https%3A/api.gradio.app/gradio-launched-telemetry "HTTP/1.1 200 OK"
2026-04-18 15:46:45,772-INFO-HTTP Request: GET https://api.gradio.app/pkg-version "HTTP/1.1 200 OK"
2026-04-18 15:47:23,784-INFO-Feature engineering is done successfully
